mode: atomic
github.com/develeap/hyperping-go/client.go:102.55,120.27 2 237
github.com/develeap/hyperping-go/client.go:120.27,122.3 1 466
github.com/develeap/hyperping-go/client.go:128.2,129.26 2 237
github.com/develeap/hyperping-go/client.go:129.26,131.3 1 2
github.com/develeap/hyperping-go/client.go:132.2,135.30 2 237
github.com/develeap/hyperping-go/client.go:135.30,137.3 1 237
github.com/develeap/hyperping-go/client.go:140.2,142.10 2 237
github.com/develeap/hyperping-go/client.go:149.61,150.37 1 237
github.com/develeap/hyperping-go/client.go:150.37,152.3 1 0
github.com/develeap/hyperping-go/client.go:153.2,158.38 1 237
github.com/develeap/hyperping-go/client.go:158.38,159.18 1 239
github.com/develeap/hyperping-go/client.go:159.18,161.5 1 135
github.com/develeap/hyperping-go/client.go:162.4,163.31 2 104
github.com/develeap/hyperping-go/client.go:163.31,167.5 1 91
github.com/develeap/hyperping-go/client.go:169.4,169.16 1 13
github.com/develeap/hyperping-go/client.go:171.51,173.27 1 53
github.com/develeap/hyperping-go/client.go:173.27,175.5 1 47
github.com/develeap/hyperping-go/client.go:176.4,176.72 1 6
github.com/develeap/hyperping-go/client.go:178.78,181.23 3 3
github.com/develeap/hyperping-go/client.go:181.23,187.5 1 0
github.com/develeap/hyperping-go/client.go:188.4,188.24 1 3
github.com/develeap/hyperping-go/client.go:188.24,190.5 1 2
github.com/develeap/hyperping-go/client.go:198.41,199.25 1 214
github.com/develeap/hyperping-go/client.go:199.25,200.50 1 214
github.com/develeap/hyperping-go/client.go:200.50,203.4 2 1
github.com/develeap/hyperping-go/client.go:204.3,204.22 1 213
github.com/develeap/hyperping-go/client.go:211.43,213.16 2 214
github.com/develeap/hyperping-go/client.go:213.16,215.3 1 1
github.com/develeap/hyperping-go/client.go:216.2,216.25 1 213
github.com/develeap/hyperping-go/client.go:216.25,218.3 1 2
github.com/develeap/hyperping-go/client.go:219.2,220.65 2 211
github.com/develeap/hyperping-go/client.go:220.65,222.3 1 211
github.com/develeap/hyperping-go/client.go:223.2,223.87 1 0
github.com/develeap/hyperping-go/client.go:227.53,228.25 1 44
github.com/develeap/hyperping-go/client.go:228.25,230.3 1 44
github.com/develeap/hyperping-go/client.go:234.44,235.25 1 184
github.com/develeap/hyperping-go/client.go:235.25,237.3 1 184
github.com/develeap/hyperping-go/client.go:241.59,242.25 1 13
github.com/develeap/hyperping-go/client.go:242.25,245.3 2 13
github.com/develeap/hyperping-go/client.go:249.39,250.25 1 2
github.com/develeap/hyperping-go/client.go:250.25,252.3 1 2
github.com/develeap/hyperping-go/client.go:256.42,257.25 1 8
github.com/develeap/hyperping-go/client.go:257.25,259.3 1 8
github.com/develeap/hyperping-go/client.go:263.41,264.25 1 1
github.com/develeap/hyperping-go/client.go:264.25,266.3 1 1
github.com/develeap/hyperping-go/client.go:272.36,273.25 1 0
github.com/develeap/hyperping-go/client.go:273.25,275.3 1 0
github.com/develeap/hyperping-go/client.go:281.69,282.25 1 0
github.com/develeap/hyperping-go/client.go:282.25,285.3 2 0
github.com/develeap/hyperping-go/client.go:297.42,298.14 1 116
github.com/develeap/hyperping-go/client.go:298.14,300.3 1 4
github.com/develeap/hyperping-go/client.go:303.2,303.35 1 112
github.com/develeap/hyperping-go/client.go:303.35,305.3 1 1
github.com/develeap/hyperping-go/client.go:308.2,308.61 1 111
github.com/develeap/hyperping-go/client.go:308.61,310.3 1 3
github.com/develeap/hyperping-go/client.go:313.2,313.38 1 108
github.com/develeap/hyperping-go/client.go:313.38,315.3 1 5
github.com/develeap/hyperping-go/client.go:318.2,318.40 1 103
github.com/develeap/hyperping-go/client.go:318.40,320.3 1 2
github.com/develeap/hyperping-go/client.go:322.2,322.12 1 101
github.com/develeap/hyperping-go/client.go:330.44,342.74 2 237
github.com/develeap/hyperping-go/client.go:342.74,344.22 2 0
github.com/develeap/hyperping-go/client.go:344.22,346.4 1 0
github.com/develeap/hyperping-go/client.go:350.2,350.49 1 237
github.com/develeap/hyperping-go/client.go:350.49,352.3 1 0
github.com/develeap/hyperping-go/client.go:354.2,354.18 1 237
github.com/develeap/hyperping-go/client.go:359.45,362.26 3 0
github.com/develeap/hyperping-go/client.go:362.26,364.29 1 0
github.com/develeap/hyperping-go/client.go:364.29,366.4 1 0
github.com/develeap/hyperping-go/client.go:368.2,368.38 1 0
github.com/develeap/hyperping-go/client.go:372.91,373.21 1 521
github.com/develeap/hyperping-go/client.go:373.21,375.3 1 2
github.com/develeap/hyperping-go/client.go:379.102,381.23 1 249
github.com/develeap/hyperping-go/client.go:381.23,383.3 1 1
github.com/develeap/hyperping-go/client.go:386.2,386.29 1 248
github.com/develeap/hyperping-go/client.go:386.29,387.66 1 248
github.com/develeap/hyperping-go/client.go:387.66,389.4 1 239
github.com/develeap/hyperping-go/client.go:390.3,390.13 1 248
github.com/develeap/hyperping-go/client.go:392.2,392.62 1 0
github.com/develeap/hyperping-go/client.go:397.117,399.21 2 256
github.com/develeap/hyperping-go/client.go:399.21,401.3 1 46
github.com/develeap/hyperping-go/client.go:403.2,404.16 2 256
github.com/develeap/hyperping-go/client.go:404.16,406.3 1 0
github.com/develeap/hyperping-go/client.go:409.2,413.17 4 256
github.com/develeap/hyperping-go/client.go:418.60,422.66 3 249
github.com/develeap/hyperping-go/client.go:422.66,425.3 1 0
github.com/develeap/hyperping-go/client.go:426.2,426.16 1 249
github.com/develeap/hyperping-go/client.go:426.16,428.3 1 0
github.com/develeap/hyperping-go/client.go:429.2,429.38 1 249
github.com/develeap/hyperping-go/client.go:429.38,431.3 1 1
github.com/develeap/hyperping-go/client.go:432.2,432.18 1 248
github.com/develeap/hyperping-go/client.go:438.97,439.29 1 12
github.com/develeap/hyperping-go/client.go:439.29,441.3 1 8
github.com/develeap/hyperping-go/client.go:442.2,442.22 1 4
github.com/develeap/hyperping-go/client.go:442.22,444.3 1 1
github.com/develeap/hyperping-go/client.go:445.2,446.13 2 4
github.com/develeap/hyperping-go/client.go:469.17,471.16 2 245
github.com/develeap/hyperping-go/client.go:471.16,473.3 1 0
github.com/develeap/hyperping-go/client.go:475.2,483.22 2 245
github.com/develeap/hyperping-go/client.go:483.22,485.3 1 35
github.com/develeap/hyperping-go/client.go:487.2,487.53 1 245
github.com/develeap/hyperping-go/client.go:487.53,489.3 1 141
github.com/develeap/hyperping-go/client.go:491.2,491.74 1 104
github.com/develeap/hyperping-go/client.go:495.58,496.37 1 141
github.com/develeap/hyperping-go/client.go:496.37,498.3 1 32
github.com/develeap/hyperping-go/client.go:499.2,499.53 1 109
github.com/develeap/hyperping-go/client.go:499.53,501.3 1 6
github.com/develeap/hyperping-go/client.go:502.2,502.12 1 103
github.com/develeap/hyperping-go/client.go:512.17,515.71 2 104
github.com/develeap/hyperping-go/client.go:515.71,517.3 1 87
github.com/develeap/hyperping-go/client.go:519.2,526.22 2 17
github.com/develeap/hyperping-go/client.go:526.22,528.3 1 0
github.com/develeap/hyperping-go/client.go:529.2,530.52 2 17
github.com/develeap/hyperping-go/client.go:534.52,535.17 1 242
github.com/develeap/hyperping-go/client.go:535.17,537.3 1 194
github.com/develeap/hyperping-go/client.go:538.2,539.16 2 48
github.com/develeap/hyperping-go/client.go:539.16,541.3 1 2
github.com/develeap/hyperping-go/client.go:542.2,542.22 1 46
github.com/develeap/hyperping-go/client.go:546.111,548.16 2 239
github.com/develeap/hyperping-go/client.go:548.16,550.3 1 1
github.com/develeap/hyperping-go/client.go:555.2,556.61 2 238
github.com/develeap/hyperping-go/client.go:556.61,558.3 1 44
github.com/develeap/hyperping-go/client.go:560.2,561.62 2 238
github.com/develeap/hyperping-go/client.go:561.62,563.17 2 252
github.com/develeap/hyperping-go/client.go:563.17,565.4 1 0
github.com/develeap/hyperping-go/client.go:567.3,578.17 5 252
github.com/develeap/hyperping-go/client.go:578.17,579.39 1 7
github.com/develeap/hyperping-go/client.go:579.39,581.5 1 0
github.com/develeap/hyperping-go/client.go:582.4,590.56 3 7
github.com/develeap/hyperping-go/client.go:590.56,591.13 1 1
github.com/develeap/hyperping-go/client.go:593.4,593.18 1 6
github.com/develeap/hyperping-go/client.go:596.3,597.15 2 245
github.com/develeap/hyperping-go/client.go:597.15,599.12 2 17
github.com/develeap/hyperping-go/client.go:601.3,601.16 1 228
github.com/develeap/hyperping-go/client.go:604.2,604.16 1 4
github.com/develeap/hyperping-go/client.go:608.97,615.46 2 111
github.com/develeap/hyperping-go/client.go:615.46,617.3 1 6
github.com/develeap/hyperping-go/client.go:620.2,626.55 2 111
github.com/develeap/hyperping-go/client.go:626.55,627.26 1 103
github.com/develeap/hyperping-go/client.go:627.26,629.4 1 102
github.com/develeap/hyperping-go/client.go:630.3,630.64 1 103
github.com/develeap/hyperping-go/client.go:630.64,632.4 1 6
github.com/develeap/hyperping-go/client.go:633.3,633.35 1 103
github.com/develeap/hyperping-go/client.go:636.2,636.15 1 111
github.com/develeap/hyperping-go/client.go:651.45,652.22 1 6
github.com/develeap/hyperping-go/client.go:652.22,654.3 1 1
github.com/develeap/hyperping-go/client.go:656.2,656.37 1 5
github.com/develeap/hyperping-go/client.go:656.37,657.13 1 5
github.com/develeap/hyperping-go/client.go:657.13,659.4 1 3
github.com/develeap/hyperping-go/client.go:660.3,660.31 1 2
github.com/develeap/hyperping-go/client.go:660.31,662.4 1 0
github.com/develeap/hyperping-go/client.go:663.3,663.11 1 2
github.com/develeap/hyperping-go/client.go:667.2,667.77 1 5
github.com/develeap/hyperping-go/client.go:667.77,669.3 1 5
github.com/develeap/hyperping-go/client.go:672.2,673.16 2 0
github.com/develeap/hyperping-go/client.go:673.16,675.3 1 0
github.com/develeap/hyperping-go/client.go:678.2,678.63 1 0
github.com/develeap/hyperping-go/client.go:682.78,684.20 1 28
github.com/develeap/hyperping-go/client.go:684.20,686.28 2 3
github.com/develeap/hyperping-go/client.go:686.28,688.4 1 2
github.com/develeap/hyperping-go/client.go:689.3,689.14 1 1
github.com/develeap/hyperping-go/client.go:693.2,693.17 1 25
github.com/develeap/hyperping-go/client.go:693.17,695.3 1 0
github.com/develeap/hyperping-go/client.go:695.8,695.25 1 25
github.com/develeap/hyperping-go/client.go:695.25,697.3 1 0
github.com/develeap/hyperping-go/client.go:700.2,701.27 2 25
github.com/develeap/hyperping-go/client.go:701.27,703.3 1 1
github.com/develeap/hyperping-go/client.go:706.2,707.15 2 25
github.com/develeap/hyperping-go/client.go:707.15,709.3 1 0
github.com/develeap/hyperping-go/client.go:710.2,712.27 3 25
github.com/develeap/hyperping-go/client.go:712.27,714.3 1 5
github.com/develeap/hyperping-go/client.go:715.2,715.13 1 25
github.com/develeap/hyperping-go/client.go:719.62,723.9 3 23
github.com/develeap/hyperping-go/client.go:724.20,725.9 1 2
github.com/develeap/hyperping-go/client.go:726.17,727.9 1 21
github.com/develeap/hyperping-go/errors.go:48.35,52.45 2 58
github.com/develeap/hyperping-go/errors.go:52.45,54.3 1 1
github.com/develeap/hyperping-go/errors.go:56.2,56.24 1 57
github.com/develeap/hyperping-go/errors.go:56.24,58.3 1 6
github.com/develeap/hyperping-go/errors.go:59.2,59.74 1 51
github.com/develeap/hyperping-go/errors.go:63.42,64.16 1 73
github.com/develeap/hyperping-go/errors.go:65.19,66.29 1 20
github.com/develeap/hyperping-go/errors.go:67.23,68.52 1 12
github.com/develeap/hyperping-go/errors.go:69.22,70.29 1 6
github.com/develeap/hyperping-go/errors.go:71.21,72.52 1 11
github.com/develeap/hyperping-go/errors.go:73.22,74.29 1 23
github.com/develeap/hyperping-go/errors.go:76.2,76.14 1 1
github.com/develeap/hyperping-go/errors.go:80.35,81.9 1 16
github.com/develeap/hyperping-go/errors.go:82.27,83.21 1 4
github.com/develeap/hyperping-go/errors.go:84.50,85.25 1 2
github.com/develeap/hyperping-go/errors.go:86.27,87.24 1 1
github.com/develeap/hyperping-go/errors.go:88.50,89.23 1 2
github.com/develeap/hyperping-go/errors.go:90.27,91.24 1 4
github.com/develeap/hyperping-go/errors.go:93.2,93.12 1 3
github.com/develeap/hyperping-go/errors.go:97.60,102.2 1 1
github.com/develeap/hyperping-go/errors.go:105.95,111.2 1 2
github.com/develeap/hyperping-go/errors.go:114.50,120.2 1 2
github.com/develeap/hyperping-go/errors.go:132.41,146.2 5 58
github.com/develeap/hyperping-go/errors.go:149.33,151.2 1 18
github.com/develeap/hyperping-go/errors.go:154.37,156.2 1 11
github.com/develeap/hyperping-go/errors.go:159.36,161.2 1 5
github.com/develeap/hyperping-go/errors.go:164.35,166.2 1 10
github.com/develeap/hyperping-go/errors.go:169.36,171.2 1 21
github.com/develeap/hyperping-go/errors.go:176.43,178.2 1 0
github.com/develeap/hyperping-go/healthchecks.go:14.79,17.59 2 15
github.com/develeap/hyperping-go/healthchecks.go:17.59,19.3 1 4
github.com/develeap/hyperping-go/healthchecks.go:22.2,26.54 2 11
github.com/develeap/hyperping-go/healthchecks.go:26.54,28.3 1 2
github.com/develeap/hyperping-go/healthchecks.go:30.2,30.35 1 9
github.com/develeap/hyperping-go/healthchecks.go:30.35,32.3 1 3
github.com/develeap/hyperping-go/healthchecks.go:33.2,33.27 1 6
github.com/develeap/hyperping-go/healthchecks.go:33.27,35.3 1 3
github.com/develeap/hyperping-go/healthchecks.go:38.2,38.29 1 3
github.com/develeap/hyperping-go/healthchecks.go:43.89,44.49 1 4
github.com/develeap/hyperping-go/healthchecks.go:44.49,46.3 1 0
github.com/develeap/hyperping-go/healthchecks.go:47.2,53.78 3 4
github.com/develeap/hyperping-go/healthchecks.go:53.78,55.3 1 2
github.com/develeap/hyperping-go/healthchecks.go:57.2,57.34 1 2
github.com/develeap/hyperping-go/healthchecks.go:67.79,71.82 3 7
github.com/develeap/hyperping-go/healthchecks.go:71.82,73.3 1 2
github.com/develeap/hyperping-go/healthchecks.go:76.2,77.16 2 5
github.com/develeap/hyperping-go/healthchecks.go:77.16,79.3 1 1
github.com/develeap/hyperping-go/healthchecks.go:81.2,81.26 1 4
github.com/develeap/hyperping-go/healthchecks.go:86.109,87.39 1 3
github.com/develeap/hyperping-go/healthchecks.go:87.39,89.3 1 0
github.com/develeap/hyperping-go/healthchecks.go:92.2,96.98 2 3
github.com/develeap/hyperping-go/healthchecks.go:96.98,98.3 1 1
github.com/develeap/hyperping-go/healthchecks.go:100.2,100.37 1 2
github.com/develeap/hyperping-go/healthchecks.go:105.122,106.49 1 2
github.com/develeap/hyperping-go/healthchecks.go:106.49,108.3 1 0
github.com/develeap/hyperping-go/healthchecks.go:109.2,116.81 3 2
github.com/develeap/hyperping-go/healthchecks.go:116.81,118.3 1 1
github.com/develeap/hyperping-go/healthchecks.go:119.2,119.37 1 1
github.com/develeap/hyperping-go/healthchecks.go:124.76,125.49 1 3
github.com/develeap/hyperping-go/healthchecks.go:125.49,127.3 1 0
github.com/develeap/hyperping-go/healthchecks.go:128.2,130.76 2 3
github.com/develeap/hyperping-go/healthchecks.go:130.76,132.3 1 1
github.com/develeap/hyperping-go/healthchecks.go:133.2,133.12 1 2
github.com/develeap/hyperping-go/healthchecks.go:138.97,139.49 1 4
github.com/develeap/hyperping-go/healthchecks.go:139.49,141.3 1 0
github.com/develeap/hyperping-go/healthchecks.go:142.2,145.78 3 4
github.com/develeap/hyperping-go/healthchecks.go:145.78,147.3 1 3
github.com/develeap/hyperping-go/healthchecks.go:148.2,148.21 1 1
github.com/develeap/hyperping-go/healthchecks.go:153.98,154.49 1 3
github.com/develeap/hyperping-go/healthchecks.go:154.49,156.3 1 0
github.com/develeap/hyperping-go/healthchecks.go:157.2,160.78 3 3
github.com/develeap/hyperping-go/healthchecks.go:160.78,162.3 1 2
github.com/develeap/hyperping-go/healthchecks.go:163.2,163.21 1 1
github.com/develeap/hyperping-go/incidents.go:14.73,16.95 2 9
github.com/develeap/hyperping-go/incidents.go:16.95,18.3 1 2
github.com/develeap/hyperping-go/incidents.go:21.2,22.16 2 7
github.com/develeap/hyperping-go/incidents.go:22.16,24.3 1 1
github.com/develeap/hyperping-go/incidents.go:26.2,26.23 1 6
github.com/develeap/hyperping-go/incidents.go:30.73,33.56 2 7
github.com/develeap/hyperping-go/incidents.go:33.56,35.3 1 2
github.com/develeap/hyperping-go/incidents.go:38.2,42.54 2 5
github.com/develeap/hyperping-go/incidents.go:42.54,44.3 1 1
github.com/develeap/hyperping-go/incidents.go:46.2,46.32 1 4
github.com/develeap/hyperping-go/incidents.go:46.32,48.3 1 1
github.com/develeap/hyperping-go/incidents.go:49.2,49.27 1 3
github.com/develeap/hyperping-go/incidents.go:49.27,51.3 1 1
github.com/develeap/hyperping-go/incidents.go:54.2,54.26 1 2
github.com/develeap/hyperping-go/incidents.go:58.83,59.49 1 2
github.com/develeap/hyperping-go/incidents.go:59.49,61.3 1 0
github.com/develeap/hyperping-go/incidents.go:62.2,64.79 3 2
github.com/develeap/hyperping-go/incidents.go:64.79,66.3 1 1
github.com/develeap/hyperping-go/incidents.go:67.2,67.23 1 1
github.com/develeap/hyperping-go/incidents.go:73.100,74.39 1 3
github.com/develeap/hyperping-go/incidents.go:74.39,76.3 1 0
github.com/develeap/hyperping-go/incidents.go:79.2,80.93 2 3
github.com/develeap/hyperping-go/incidents.go:80.93,82.3 1 1
github.com/develeap/hyperping-go/incidents.go:84.2,84.23 1 2
github.com/develeap/hyperping-go/incidents.go:88.113,89.49 1 2
github.com/develeap/hyperping-go/incidents.go:89.49,91.3 1 0
github.com/develeap/hyperping-go/incidents.go:92.2,94.79 3 2
github.com/develeap/hyperping-go/incidents.go:94.79,96.3 1 1
github.com/develeap/hyperping-go/incidents.go:97.2,97.23 1 1
github.com/develeap/hyperping-go/incidents.go:101.119,102.49 1 4
github.com/develeap/hyperping-go/incidents.go:102.49,104.3 1 0
github.com/develeap/hyperping-go/incidents.go:105.2,107.80 3 4
github.com/develeap/hyperping-go/incidents.go:107.80,109.3 1 2
github.com/develeap/hyperping-go/incidents.go:110.2,110.23 1 2
github.com/develeap/hyperping-go/incidents.go:115.103,121.2 1 1
github.com/develeap/hyperping-go/incidents.go:124.73,125.49 1 3
github.com/develeap/hyperping-go/incidents.go:125.49,127.3 1 0
github.com/develeap/hyperping-go/incidents.go:128.2,129.76 2 3
github.com/develeap/hyperping-go/incidents.go:129.76,131.3 1 2
github.com/develeap/hyperping-go/incidents.go:132.2,132.12 1 1
github.com/develeap/hyperping-go/maintenance.go:18.78,21.62 2 8
github.com/develeap/hyperping-go/maintenance.go:21.62,25.83 3 8
github.com/develeap/hyperping-go/maintenance.go:25.83,27.4 1 2
github.com/develeap/hyperping-go/maintenance.go:29.3,30.17 2 6
github.com/develeap/hyperping-go/maintenance.go:30.17,32.4 1 1
github.com/develeap/hyperping-go/maintenance.go:34.3,36.26 2 5
github.com/develeap/hyperping-go/maintenance.go:36.26,37.9 1 5
github.com/develeap/hyperping-go/maintenance.go:41.2,41.27 1 5
github.com/develeap/hyperping-go/maintenance.go:41.27,43.3 1 2
github.com/develeap/hyperping-go/maintenance.go:45.2,45.28 1 5
github.com/develeap/hyperping-go/maintenance.go:56.89,59.58 2 6
github.com/develeap/hyperping-go/maintenance.go:59.58,61.3 1 1
github.com/develeap/hyperping-go/maintenance.go:64.2,71.54 2 5
github.com/develeap/hyperping-go/maintenance.go:71.54,73.3 1 1
github.com/develeap/hyperping-go/maintenance.go:76.2,76.41 1 4
github.com/develeap/hyperping-go/maintenance.go:76.41,78.3 1 1
github.com/develeap/hyperping-go/maintenance.go:79.2,79.27 1 3
github.com/develeap/hyperping-go/maintenance.go:79.27,81.3 1 1
github.com/develeap/hyperping-go/maintenance.go:82.2,82.34 1 2
github.com/develeap/hyperping-go/maintenance.go:82.34,84.3 1 0
github.com/develeap/hyperping-go/maintenance.go:88.2,88.101 1 2
github.com/develeap/hyperping-go/maintenance.go:92.89,93.49 1 2
github.com/develeap/hyperping-go/maintenance.go:93.49,95.3 1 0
github.com/develeap/hyperping-go/maintenance.go:96.2,98.82 3 2
github.com/develeap/hyperping-go/maintenance.go:98.82,100.3 1 1
github.com/develeap/hyperping-go/maintenance.go:101.2,101.26 1 1
github.com/develeap/hyperping-go/maintenance.go:107.109,108.39 1 2
github.com/develeap/hyperping-go/maintenance.go:108.39,110.3 1 0
github.com/develeap/hyperping-go/maintenance.go:113.2,114.98 2 2
github.com/develeap/hyperping-go/maintenance.go:114.98,116.3 1 1
github.com/develeap/hyperping-go/maintenance.go:118.2,118.26 1 1
github.com/develeap/hyperping-go/maintenance.go:122.122,123.49 1 2
github.com/develeap/hyperping-go/maintenance.go:123.49,125.3 1 0
github.com/develeap/hyperping-go/maintenance.go:126.2,128.82 3 2
github.com/develeap/hyperping-go/maintenance.go:128.82,130.3 1 1
github.com/develeap/hyperping-go/maintenance.go:131.2,131.26 1 1
github.com/develeap/hyperping-go/maintenance.go:135.76,136.49 1 3
github.com/develeap/hyperping-go/maintenance.go:136.49,138.3 1 0
github.com/develeap/hyperping-go/maintenance.go:139.2,140.76 2 3
github.com/develeap/hyperping-go/maintenance.go:140.76,142.3 1 2
github.com/develeap/hyperping-go/maintenance.go:143.2,143.12 1 1
github.com/develeap/hyperping-go/mcp_client.go:23.54,27.2 1 2
github.com/develeap/hyperping-go/mcp_client.go:32.83,34.16 2 1
github.com/develeap/hyperping-go/mcp_client.go:34.16,36.3 1 0
github.com/develeap/hyperping-go/mcp_client.go:38.2,39.9 2 1
github.com/develeap/hyperping-go/mcp_client.go:39.9,41.3 1 0
github.com/develeap/hyperping-go/mcp_client.go:43.2,44.50 2 1
github.com/develeap/hyperping-go/mcp_client.go:44.50,46.3 1 1
github.com/develeap/hyperping-go/mcp_client.go:47.2,47.22 1 1
github.com/develeap/hyperping-go/mcp_client.go:51.114,53.16 2 0
github.com/develeap/hyperping-go/mcp_client.go:53.16,55.3 1 0
github.com/develeap/hyperping-go/mcp_client.go:57.2,58.9 2 0
github.com/develeap/hyperping-go/mcp_client.go:58.9,60.3 1 0
github.com/develeap/hyperping-go/mcp_client.go:62.2,63.50 2 0
github.com/develeap/hyperping-go/mcp_client.go:63.50,65.3 1 0
github.com/develeap/hyperping-go/mcp_client.go:66.2,66.21 1 0
github.com/develeap/hyperping-go/mcp_client.go:70.98,72.23 2 0
github.com/develeap/hyperping-go/mcp_client.go:72.23,74.3 1 0
github.com/develeap/hyperping-go/mcp_client.go:76.2,77.16 2 0
github.com/develeap/hyperping-go/mcp_client.go:77.16,79.3 1 0
github.com/develeap/hyperping-go/mcp_client.go:81.2,82.9 2 0
github.com/develeap/hyperping-go/mcp_client.go:82.9,84.3 1 0
github.com/develeap/hyperping-go/mcp_client.go:86.2,87.50 2 0
github.com/develeap/hyperping-go/mcp_client.go:87.50,89.3 1 0
github.com/develeap/hyperping-go/mcp_client.go:90.2,90.21 1 0
github.com/develeap/hyperping-go/mcp_client.go:94.98,96.23 2 0
github.com/develeap/hyperping-go/mcp_client.go:96.23,98.3 1 0
github.com/develeap/hyperping-go/mcp_client.go:100.2,101.16 2 0
github.com/develeap/hyperping-go/mcp_client.go:101.16,103.3 1 0
github.com/develeap/hyperping-go/mcp_client.go:105.2,106.9 2 0
github.com/develeap/hyperping-go/mcp_client.go:106.9,108.3 1 0
github.com/develeap/hyperping-go/mcp_client.go:110.2,111.50 2 0
github.com/develeap/hyperping-go/mcp_client.go:111.50,113.3 1 0
github.com/develeap/hyperping-go/mcp_client.go:114.2,114.21 1 0
github.com/develeap/hyperping-go/mcp_client.go:120.108,122.16 2 0
github.com/develeap/hyperping-go/mcp_client.go:122.16,124.3 1 0
github.com/develeap/hyperping-go/mcp_client.go:126.2,127.9 2 0
github.com/develeap/hyperping-go/mcp_client.go:127.9,129.3 1 0
github.com/develeap/hyperping-go/mcp_client.go:131.2,132.9 2 0
github.com/develeap/hyperping-go/mcp_client.go:132.9,134.3 1 0
github.com/develeap/hyperping-go/mcp_client.go:136.2,137.34 2 0
github.com/develeap/hyperping-go/mcp_client.go:137.34,139.10 2 0
github.com/develeap/hyperping-go/mcp_client.go:139.10,140.12 1 0
github.com/develeap/hyperping-go/mcp_client.go:142.3,143.51 2 0
github.com/develeap/hyperping-go/mcp_client.go:143.51,145.4 1 0
github.com/develeap/hyperping-go/mcp_client.go:146.3,146.41 1 0
github.com/develeap/hyperping-go/mcp_client.go:148.2,148.23 1 0
github.com/develeap/hyperping-go/mcp_client.go:152.108,154.16 2 0
github.com/develeap/hyperping-go/mcp_client.go:154.16,156.3 1 0
github.com/develeap/hyperping-go/mcp_client.go:158.2,159.9 2 0
github.com/develeap/hyperping-go/mcp_client.go:159.9,161.3 1 0
github.com/develeap/hyperping-go/mcp_client.go:163.2,164.50 2 0
github.com/develeap/hyperping-go/mcp_client.go:164.50,166.3 1 0
github.com/develeap/hyperping-go/mcp_client.go:167.2,167.23 1 0
github.com/develeap/hyperping-go/mcp_client.go:173.82,175.16 2 0
github.com/develeap/hyperping-go/mcp_client.go:175.16,177.3 1 0
github.com/develeap/hyperping-go/mcp_client.go:179.2,180.9 2 0
github.com/develeap/hyperping-go/mcp_client.go:180.9,182.3 1 0
github.com/develeap/hyperping-go/mcp_client.go:184.2,185.50 2 0
github.com/develeap/hyperping-go/mcp_client.go:185.50,187.3 1 0
github.com/develeap/hyperping-go/mcp_client.go:188.2,188.22 1 0
github.com/develeap/hyperping-go/mcp_client.go:194.88,196.16 2 0
github.com/develeap/hyperping-go/mcp_client.go:196.16,198.3 1 0
github.com/develeap/hyperping-go/mcp_client.go:200.2,201.9 2 0
github.com/develeap/hyperping-go/mcp_client.go:201.9,203.3 1 0
github.com/develeap/hyperping-go/mcp_client.go:205.2,206.9 2 0
github.com/develeap/hyperping-go/mcp_client.go:206.9,208.3 1 0
github.com/develeap/hyperping-go/mcp_client.go:210.2,211.34 2 0
github.com/develeap/hyperping-go/mcp_client.go:211.34,213.10 2 0
github.com/develeap/hyperping-go/mcp_client.go:213.10,214.12 1 0
github.com/develeap/hyperping-go/mcp_client.go:216.3,217.51 2 0
github.com/develeap/hyperping-go/mcp_client.go:217.51,219.4 1 0
github.com/develeap/hyperping-go/mcp_client.go:220.3,220.42 1 0
github.com/develeap/hyperping-go/mcp_client.go:222.2,222.23 1 0
github.com/develeap/hyperping-go/mcp_client.go:226.98,228.16 2 0
github.com/develeap/hyperping-go/mcp_client.go:228.16,230.3 1 0
github.com/develeap/hyperping-go/mcp_client.go:232.2,233.9 2 0
github.com/develeap/hyperping-go/mcp_client.go:233.9,235.3 1 0
github.com/develeap/hyperping-go/mcp_client.go:237.2,238.50 2 0
github.com/develeap/hyperping-go/mcp_client.go:238.50,240.3 1 0
github.com/develeap/hyperping-go/mcp_client.go:241.2,241.23 1 0
github.com/develeap/hyperping-go/mcp_client.go:247.93,249.16 2 0
github.com/develeap/hyperping-go/mcp_client.go:249.16,251.3 1 0
github.com/develeap/hyperping-go/mcp_client.go:253.2,254.9 2 0
github.com/develeap/hyperping-go/mcp_client.go:254.9,256.3 1 0
github.com/develeap/hyperping-go/mcp_client.go:258.2,259.25 2 0
github.com/develeap/hyperping-go/mcp_client.go:259.25,261.10 2 0
github.com/develeap/hyperping-go/mcp_client.go:261.10,262.12 1 0
github.com/develeap/hyperping-go/mcp_client.go:264.3,265.51 2 0
github.com/develeap/hyperping-go/mcp_client.go:265.51,267.4 1 0
github.com/develeap/hyperping-go/mcp_client.go:268.3,268.38 1 0
github.com/develeap/hyperping-go/mcp_client.go:270.2,270.22 1 0
github.com/develeap/hyperping-go/mcp_client.go:274.102,276.16 2 0
github.com/develeap/hyperping-go/mcp_client.go:276.16,278.3 1 0
github.com/develeap/hyperping-go/mcp_client.go:280.2,281.9 2 0
github.com/develeap/hyperping-go/mcp_client.go:281.9,283.3 1 0
github.com/develeap/hyperping-go/mcp_client.go:285.2,286.50 2 0
github.com/develeap/hyperping-go/mcp_client.go:286.50,288.3 1 0
github.com/develeap/hyperping-go/mcp_client.go:289.2,289.21 1 0
github.com/develeap/hyperping-go/mcp_client.go:295.80,297.16 2 0
github.com/develeap/hyperping-go/mcp_client.go:297.16,299.3 1 0
github.com/develeap/hyperping-go/mcp_client.go:301.2,302.9 2 0
github.com/develeap/hyperping-go/mcp_client.go:302.9,304.3 1 0
github.com/develeap/hyperping-go/mcp_client.go:306.2,307.25 2 0
github.com/develeap/hyperping-go/mcp_client.go:307.25,309.10 2 0
github.com/develeap/hyperping-go/mcp_client.go:309.10,310.12 1 0
github.com/develeap/hyperping-go/mcp_client.go:312.3,313.51 2 0
github.com/develeap/hyperping-go/mcp_client.go:313.51,315.4 1 0
github.com/develeap/hyperping-go/mcp_client.go:316.3,316.36 1 0
github.com/develeap/hyperping-go/mcp_client.go:318.2,318.21 1 0
github.com/develeap/hyperping-go/mcp_client.go:324.82,326.16 2 0
github.com/develeap/hyperping-go/mcp_client.go:326.16,328.3 1 0
github.com/develeap/hyperping-go/mcp_client.go:330.2,331.9 2 0
github.com/develeap/hyperping-go/mcp_client.go:331.9,333.3 1 0
github.com/develeap/hyperping-go/mcp_client.go:335.2,336.25 2 0
github.com/develeap/hyperping-go/mcp_client.go:336.25,338.10 2 0
github.com/develeap/hyperping-go/mcp_client.go:338.10,339.12 1 0
github.com/develeap/hyperping-go/mcp_client.go:341.3,342.51 2 0
github.com/develeap/hyperping-go/mcp_client.go:342.51,344.4 1 0
github.com/develeap/hyperping-go/mcp_client.go:345.3,345.51 1 0
github.com/develeap/hyperping-go/mcp_client.go:347.2,347.26 1 0
github.com/develeap/hyperping-go/mcp_client.go:351.92,353.16 2 0
github.com/develeap/hyperping-go/mcp_client.go:353.16,355.3 1 0
github.com/develeap/hyperping-go/mcp_client.go:357.2,358.9 2 0
github.com/develeap/hyperping-go/mcp_client.go:358.9,360.3 1 0
github.com/develeap/hyperping-go/mcp_client.go:362.2,363.50 2 0
github.com/develeap/hyperping-go/mcp_client.go:363.50,365.3 1 0
github.com/develeap/hyperping-go/mcp_client.go:366.2,366.26 1 0
github.com/develeap/hyperping-go/mcp_client.go:372.104,374.16 2 0
github.com/develeap/hyperping-go/mcp_client.go:374.16,376.3 1 0
github.com/develeap/hyperping-go/mcp_client.go:378.2,379.9 2 0
github.com/develeap/hyperping-go/mcp_client.go:379.9,381.3 1 0
github.com/develeap/hyperping-go/mcp_client.go:383.2,384.50 2 0
github.com/develeap/hyperping-go/mcp_client.go:384.50,386.3 1 0
github.com/develeap/hyperping-go/mcp_client.go:387.2,387.23 1 0
github.com/develeap/hyperping-go/mcp_client.go:393.96,395.16 2 0
github.com/develeap/hyperping-go/mcp_client.go:395.16,397.3 1 0
github.com/develeap/hyperping-go/mcp_client.go:399.2,400.9 2 0
github.com/develeap/hyperping-go/mcp_client.go:400.9,402.3 1 0
github.com/develeap/hyperping-go/mcp_client.go:404.2,405.25 2 0
github.com/develeap/hyperping-go/mcp_client.go:405.25,407.10 2 0
github.com/develeap/hyperping-go/mcp_client.go:407.10,408.12 1 0
github.com/develeap/hyperping-go/mcp_client.go:410.3,411.51 2 0
github.com/develeap/hyperping-go/mcp_client.go:411.51,413.4 1 0
github.com/develeap/hyperping-go/mcp_client.go:414.3,414.39 1 0
github.com/develeap/hyperping-go/mcp_client.go:416.2,416.22 1 0
github.com/develeap/hyperping-go/mcp_transport.go:64.54,65.31 1 0
github.com/develeap/hyperping-go/mcp_transport.go:65.31,67.3 1 0
github.com/develeap/hyperping-go/mcp_transport.go:71.47,72.31 1 4
github.com/develeap/hyperping-go/mcp_transport.go:72.31,74.3 1 4
github.com/develeap/hyperping-go/mcp_transport.go:78.56,79.31 1 0
github.com/develeap/hyperping-go/mcp_transport.go:79.31,81.3 1 0
github.com/develeap/hyperping-go/mcp_transport.go:85.92,95.27 2 12
github.com/develeap/hyperping-go/mcp_transport.go:95.27,97.3 1 4
github.com/develeap/hyperping-go/mcp_transport.go:99.2,99.19 1 12
github.com/develeap/hyperping-go/mcp_transport.go:99.19,101.3 1 12
github.com/develeap/hyperping-go/mcp_transport.go:103.2,103.10 1 12
github.com/develeap/hyperping-go/mcp_transport.go:108.39,110.2 1 121
github.com/develeap/hyperping-go/mcp_transport.go:114.67,115.25 1 8
github.com/develeap/hyperping-go/mcp_transport.go:116.53,117.25 1 1
github.com/develeap/hyperping-go/mcp_transport.go:118.27,119.21 1 2
github.com/develeap/hyperping-go/mcp_transport.go:120.34,122.53 2 1
github.com/develeap/hyperping-go/mcp_transport.go:122.53,124.4 1 1
github.com/develeap/hyperping-go/mcp_transport.go:125.3,126.36 2 1
github.com/develeap/hyperping-go/mcp_transport.go:126.36,128.4 1 0
github.com/develeap/hyperping-go/mcp_transport.go:129.3,129.13 1 1
github.com/develeap/hyperping-go/mcp_transport.go:130.61,131.23 1 2
github.com/develeap/hyperping-go/mcp_transport.go:132.10,133.29 1 2
github.com/develeap/hyperping-go/mcp_transport.go:133.29,135.4 1 2
github.com/develeap/hyperping-go/mcp_transport.go:136.3,139.4 1 0
github.com/develeap/hyperping-go/mcp_transport.go:143.72,144.23 1 0
github.com/develeap/hyperping-go/mcp_transport.go:144.23,146.3 1 0
github.com/develeap/hyperping-go/mcp_transport.go:148.2,148.25 1 0
github.com/develeap/hyperping-go/mcp_transport.go:149.14,150.65 1 0
github.com/develeap/hyperping-go/mcp_transport.go:151.14,152.65 1 0
github.com/develeap/hyperping-go/mcp_transport.go:153.14,154.63 1 0
github.com/develeap/hyperping-go/mcp_transport.go:155.14,156.65 1 0
github.com/develeap/hyperping-go/mcp_transport.go:157.14,158.66 1 0
github.com/develeap/hyperping-go/mcp_transport.go:159.10,160.77 1 0
github.com/develeap/hyperping-go/mcp_transport.go:166.80,182.16 3 20
github.com/develeap/hyperping-go/mcp_transport.go:182.16,184.3 1 0
github.com/develeap/hyperping-go/mcp_transport.go:186.2,187.16 2 20
github.com/develeap/hyperping-go/mcp_transport.go:187.16,189.3 1 0
github.com/develeap/hyperping-go/mcp_transport.go:190.2,194.16 4 20
github.com/develeap/hyperping-go/mcp_transport.go:194.16,196.3 1 0
github.com/develeap/hyperping-go/mcp_transport.go:197.2,199.38 2 20
github.com/develeap/hyperping-go/mcp_transport.go:199.38,201.3 1 8
github.com/develeap/hyperping-go/mcp_transport.go:203.2,204.68 2 12
github.com/develeap/hyperping-go/mcp_transport.go:204.68,206.3 1 0
github.com/develeap/hyperping-go/mcp_transport.go:208.2,208.26 1 12
github.com/develeap/hyperping-go/mcp_transport.go:208.26,210.3 1 0
github.com/develeap/hyperping-go/mcp_transport.go:212.2,214.55 2 12
github.com/develeap/hyperping-go/mcp_transport.go:214.55,216.3 1 12
github.com/develeap/hyperping-go/mcp_transport.go:217.2,217.17 1 0
github.com/develeap/hyperping-go/mcp_transport.go:222.105,223.27 1 7
github.com/develeap/hyperping-go/mcp_transport.go:223.27,224.46 1 6
github.com/develeap/hyperping-go/mcp_transport.go:224.46,226.4 1 6
github.com/develeap/hyperping-go/mcp_transport.go:229.2,232.53 3 1
github.com/develeap/hyperping-go/mcp_transport.go:232.53,234.17 2 1
github.com/develeap/hyperping-go/mcp_transport.go:234.17,236.4 1 1
github.com/develeap/hyperping-go/mcp_transport.go:238.3,238.61 1 0
github.com/develeap/hyperping-go/mcp_transport.go:238.61,242.12 4 0
github.com/develeap/hyperping-go/mcp_transport.go:245.3,245.18 1 0
github.com/develeap/hyperping-go/mcp_transport.go:248.2,248.21 1 0
github.com/develeap/hyperping-go/mcp_transport.go:251.109,255.17 2 1
github.com/develeap/hyperping-go/mcp_transport.go:255.17,257.3 1 0
github.com/develeap/hyperping-go/mcp_transport.go:259.2,267.16 3 1
github.com/develeap/hyperping-go/mcp_transport.go:267.16,269.3 1 0
github.com/develeap/hyperping-go/mcp_transport.go:271.2,272.16 2 1
github.com/develeap/hyperping-go/mcp_transport.go:272.16,274.3 1 0
github.com/develeap/hyperping-go/mcp_transport.go:275.2,279.16 4 1
github.com/develeap/hyperping-go/mcp_transport.go:279.16,281.3 1 0
github.com/develeap/hyperping-go/mcp_transport.go:282.2,284.38 2 1
github.com/develeap/hyperping-go/mcp_transport.go:284.38,286.3 1 0
github.com/develeap/hyperping-go/mcp_transport.go:288.2,289.68 2 1
github.com/develeap/hyperping-go/mcp_transport.go:289.68,291.3 1 0
github.com/develeap/hyperping-go/mcp_transport.go:293.2,293.26 1 1
github.com/develeap/hyperping-go/mcp_transport.go:293.26,295.3 1 0
github.com/develeap/hyperping-go/mcp_transport.go:297.2,297.27 1 1
github.com/develeap/hyperping-go/mcp_transport.go:297.27,299.3 1 0
github.com/develeap/hyperping-go/mcp_transport.go:301.2,302.9 2 1
github.com/develeap/hyperping-go/mcp_transport.go:302.9,304.3 1 0
github.com/develeap/hyperping-go/mcp_transport.go:306.2,307.30 2 1
github.com/develeap/hyperping-go/mcp_transport.go:307.30,309.3 1 0
github.com/develeap/hyperping-go/mcp_transport.go:311.2,312.9 2 1
github.com/develeap/hyperping-go/mcp_transport.go:312.9,314.3 1 0
github.com/develeap/hyperping-go/mcp_transport.go:316.2,317.23 2 1
github.com/develeap/hyperping-go/mcp_transport.go:317.23,319.3 1 0
github.com/develeap/hyperping-go/mcp_transport.go:321.2,322.62 2 1
github.com/develeap/hyperping-go/mcp_transport.go:322.62,324.3 1 0
github.com/develeap/hyperping-go/mcp_transport.go:326.2,326.20 1 1
github.com/develeap/hyperping-go/models_common.go:25.60,26.40 1 37
github.com/develeap/hyperping-go/models_common.go:26.40,28.3 1 1
github.com/develeap/hyperping-go/models_common.go:31.2,32.49 2 36
github.com/develeap/hyperping-go/models_common.go:32.49,35.3 2 27
github.com/develeap/hyperping-go/models_common.go:38.2,39.49 2 9
github.com/develeap/hyperping-go/models_common.go:39.49,42.3 2 6
github.com/develeap/hyperping-go/models_common.go:44.2,44.76 1 3
github.com/develeap/hyperping-go/models_common.go:48.56,50.2 1 17
github.com/develeap/hyperping-go/models_common.go:53.42,55.2 1 4
github.com/develeap/hyperping-go/models_common.go:67.66,69.24 2 34
github.com/develeap/hyperping-go/models_common.go:69.24,71.3 1 5
github.com/develeap/hyperping-go/models_common.go:72.2,72.12 1 29
github.com/develeap/hyperping-go/models_common.go:82.59,88.2 1 13
github.com/develeap/hyperping-go/models_common.go:92.81,93.42 1 13
github.com/develeap/hyperping-go/models_common.go:93.42,94.18 1 112
github.com/develeap/hyperping-go/models_common.go:94.18,95.81 1 9
github.com/develeap/hyperping-go/models_common.go:95.81,97.5 1 2
github.com/develeap/hyperping-go/models_common.go:100.2,100.12 1 11
github.com/develeap/hyperping-go/models_healthcheck.go:42.43,43.22 1 0
github.com/develeap/hyperping-go/models_healthcheck.go:43.22,45.3 1 0
github.com/develeap/hyperping-go/models_healthcheck.go:46.2,46.13 1 0
github.com/develeap/hyperping-go/models_healthcheck.go:64.52,65.76 1 3
github.com/develeap/hyperping-go/models_healthcheck.go:65.76,67.3 1 0
github.com/develeap/hyperping-go/models_healthcheck.go:68.2,68.12 1 3
github.com/develeap/hyperping-go/models_incident.go:44.49,45.79 1 5
github.com/develeap/hyperping-go/models_incident.go:45.79,47.3 1 1
github.com/develeap/hyperping-go/models_incident.go:48.2,48.80 1 4
github.com/develeap/hyperping-go/models_incident.go:48.80,50.3 1 1
github.com/develeap/hyperping-go/models_incident.go:51.2,51.12 1 3
github.com/develeap/hyperping-go/models_maintenance.go:52.52,53.76 1 2
github.com/develeap/hyperping-go/models_maintenance.go:53.76,55.3 1 0
github.com/develeap/hyperping-go/models_maintenance.go:56.2,56.79 1 2
github.com/develeap/hyperping-go/models_maintenance.go:56.79,58.3 1 0
github.com/develeap/hyperping-go/models_maintenance.go:59.2,59.80 1 2
github.com/develeap/hyperping-go/models_maintenance.go:59.80,61.3 1 0
github.com/develeap/hyperping-go/models_maintenance.go:62.2,62.12 1 2
github.com/develeap/hyperping-go/models_monitor.go:76.52,78.52 2 32
github.com/develeap/hyperping-go/models_monitor.go:78.52,80.3 1 0
github.com/develeap/hyperping-go/models_monitor.go:82.2,84.80 2 32
github.com/develeap/hyperping-go/models_monitor.go:84.80,87.3 2 28
github.com/develeap/hyperping-go/models_monitor.go:90.2,91.72 2 4
github.com/develeap/hyperping-go/models_monitor.go:91.72,92.20 1 2
github.com/develeap/hyperping-go/models_monitor.go:92.20,94.4 1 1
github.com/develeap/hyperping-go/models_monitor.go:94.9,96.4 1 1
github.com/develeap/hyperping-go/models_monitor.go:97.3,97.13 1 2
github.com/develeap/hyperping-go/models_monitor.go:101.2,102.68 2 2
github.com/develeap/hyperping-go/models_monitor.go:102.68,103.21 1 2
github.com/develeap/hyperping-go/models_monitor.go:103.21,105.4 1 1
github.com/develeap/hyperping-go/models_monitor.go:105.9,107.4 1 1
github.com/develeap/hyperping-go/models_monitor.go:108.3,108.13 1 2
github.com/develeap/hyperping-go/models_monitor.go:111.2,111.92 1 0
github.com/develeap/hyperping-go/models_monitor.go:139.48,140.76 1 8
github.com/develeap/hyperping-go/models_monitor.go:140.76,142.3 1 1
github.com/develeap/hyperping-go/models_monitor.go:143.2,143.73 1 7
github.com/develeap/hyperping-go/models_monitor.go:143.73,145.3 1 1
github.com/develeap/hyperping-go/models_monitor.go:146.2,146.12 1 6
github.com/develeap/hyperping-go/models_outage.go:84.47,85.93 1 2
github.com/develeap/hyperping-go/models_outage.go:85.93,87.3 1 0
github.com/develeap/hyperping-go/models_outage.go:88.2,88.12 1 2
github.com/develeap/hyperping-go/models_statuspage.go:170.51,171.76 1 3
github.com/develeap/hyperping-go/models_statuspage.go:171.76,173.3 1 1
github.com/develeap/hyperping-go/models_statuspage.go:174.2,174.22 1 2
github.com/develeap/hyperping-go/models_statuspage.go:174.22,175.83 1 0
github.com/develeap/hyperping-go/models_statuspage.go:175.83,177.4 1 0
github.com/develeap/hyperping-go/models_statuspage.go:179.2,179.12 1 2
github.com/develeap/hyperping-go/models_subscriber.go:46.62,47.42 1 3
github.com/develeap/hyperping-go/models_subscriber.go:47.42,49.3 1 1
github.com/develeap/hyperping-go/models_subscriber.go:50.2,50.12 1 2
github.com/develeap/hyperping-go/models_subscriber.go:54.60,55.42 1 2
github.com/develeap/hyperping-go/models_subscriber.go:55.42,57.3 1 1
github.com/develeap/hyperping-go/models_subscriber.go:58.2,58.12 1 1
github.com/develeap/hyperping-go/models_subscriber.go:62.62,63.62 1 2
github.com/develeap/hyperping-go/models_subscriber.go:63.62,65.3 1 1
github.com/develeap/hyperping-go/models_subscriber.go:66.2,66.12 1 1
github.com/develeap/hyperping-go/models_subscriber.go:70.58,71.43 1 9
github.com/develeap/hyperping-go/models_subscriber.go:71.43,72.26 1 19
github.com/develeap/hyperping-go/models_subscriber.go:72.26,74.4 1 7
github.com/develeap/hyperping-go/models_subscriber.go:76.2,76.109 1 2
github.com/develeap/hyperping-go/models_subscriber.go:80.56,81.40 1 1
github.com/develeap/hyperping-go/models_subscriber.go:81.40,82.23 1 7
github.com/develeap/hyperping-go/models_subscriber.go:82.23,84.4 1 0
github.com/develeap/hyperping-go/models_subscriber.go:86.2,86.90 1 1
github.com/develeap/hyperping-go/models_subscriber.go:97.48,98.55 1 9
github.com/develeap/hyperping-go/models_subscriber.go:98.55,100.3 1 2
github.com/develeap/hyperping-go/models_subscriber.go:102.2,102.49 1 7
github.com/develeap/hyperping-go/models_subscriber.go:102.49,103.38 1 7
github.com/develeap/hyperping-go/models_subscriber.go:103.38,105.4 1 3
github.com/develeap/hyperping-go/models_subscriber.go:108.2,108.23 1 4
github.com/develeap/hyperping-go/models_subscriber.go:108.23,110.3 1 1
github.com/develeap/hyperping-go/models_subscriber.go:112.2,112.12 1 3
github.com/develeap/hyperping-go/monitors.go:16.71,18.94 2 17
github.com/develeap/hyperping-go/monitors.go:18.94,20.3 1 4
github.com/develeap/hyperping-go/monitors.go:26.2,27.16 2 13
github.com/develeap/hyperping-go/monitors.go:27.16,29.3 1 3
github.com/develeap/hyperping-go/monitors.go:31.2,31.25 1 10
github.com/develeap/hyperping-go/monitors.go:31.25,36.3 1 0
github.com/develeap/hyperping-go/monitors.go:38.2,38.22 1 10
github.com/develeap/hyperping-go/monitors.go:42.71,45.55 2 16
github.com/develeap/hyperping-go/monitors.go:45.55,47.3 1 8
github.com/develeap/hyperping-go/monitors.go:50.2,54.54 2 8
github.com/develeap/hyperping-go/monitors.go:54.54,56.3 1 4
github.com/develeap/hyperping-go/monitors.go:58.2,58.31 1 4
github.com/develeap/hyperping-go/monitors.go:58.31,60.3 1 1
github.com/develeap/hyperping-go/monitors.go:61.2,61.27 1 3
github.com/develeap/hyperping-go/monitors.go:61.27,63.3 1 1
github.com/develeap/hyperping-go/monitors.go:66.2,66.25 1 2
github.com/develeap/hyperping-go/monitors.go:70.79,71.47 1 6
github.com/develeap/hyperping-go/monitors.go:71.47,73.3 1 0
github.com/develeap/hyperping-go/monitors.go:74.2,76.78 3 6
github.com/develeap/hyperping-go/monitors.go:76.78,78.3 1 2
github.com/develeap/hyperping-go/monitors.go:79.2,79.22 1 4
github.com/develeap/hyperping-go/monitors.go:83.97,84.39 1 5
github.com/develeap/hyperping-go/monitors.go:84.39,86.3 1 0
github.com/develeap/hyperping-go/monitors.go:87.2,88.91 2 5
github.com/develeap/hyperping-go/monitors.go:88.91,90.3 1 3
github.com/develeap/hyperping-go/monitors.go:91.2,91.22 1 2
github.com/develeap/hyperping-go/monitors.go:95.108,96.47 1 12
github.com/develeap/hyperping-go/monitors.go:96.47,98.3 1 0
github.com/develeap/hyperping-go/monitors.go:100.2,102.78 3 12
github.com/develeap/hyperping-go/monitors.go:102.78,104.3 1 5
github.com/develeap/hyperping-go/monitors.go:105.2,105.22 1 7
github.com/develeap/hyperping-go/monitors.go:109.70,110.47 1 4
github.com/develeap/hyperping-go/monitors.go:110.47,112.3 1 0
github.com/develeap/hyperping-go/monitors.go:113.2,114.76 2 4
github.com/develeap/hyperping-go/monitors.go:114.76,116.3 1 3
github.com/develeap/hyperping-go/monitors.go:117.2,117.12 1 1
github.com/develeap/hyperping-go/monitors.go:121.81,124.2 2 2
github.com/develeap/hyperping-go/monitors.go:127.82,130.2 2 2
github.com/develeap/hyperping-go/outages.go:22.79,25.54 2 19
github.com/develeap/hyperping-go/outages.go:25.54,27.3 1 5
github.com/develeap/hyperping-go/outages.go:30.2,35.54 2 14
github.com/develeap/hyperping-go/outages.go:35.54,37.3 1 2
github.com/develeap/hyperping-go/outages.go:39.2,39.30 1 12
github.com/develeap/hyperping-go/outages.go:39.30,41.3 1 6
github.com/develeap/hyperping-go/outages.go:42.2,42.27 1 6
github.com/develeap/hyperping-go/outages.go:42.27,44.3 1 3
github.com/develeap/hyperping-go/outages.go:48.2,48.87 1 3
github.com/develeap/hyperping-go/outages.go:53.79,54.49 1 3
github.com/develeap/hyperping-go/outages.go:54.49,56.3 1 0
github.com/develeap/hyperping-go/outages.go:57.2,63.78 3 3
github.com/develeap/hyperping-go/outages.go:63.78,65.3 1 1
github.com/develeap/hyperping-go/outages.go:67.2,67.29 1 2
github.com/develeap/hyperping-go/outages.go:80.69,83.57 2 7
github.com/develeap/hyperping-go/outages.go:83.57,87.83 3 9
github.com/develeap/hyperping-go/outages.go:87.83,89.4 1 1
github.com/develeap/hyperping-go/outages.go:91.3,92.17 2 8
github.com/develeap/hyperping-go/outages.go:92.17,94.4 1 1
github.com/develeap/hyperping-go/outages.go:96.3,98.26 2 7
github.com/develeap/hyperping-go/outages.go:98.26,99.42 1 5
github.com/develeap/hyperping-go/outages.go:99.42,104.5 1 0
github.com/develeap/hyperping-go/outages.go:105.4,105.9 1 5
github.com/develeap/hyperping-go/outages.go:109.2,109.23 1 5
github.com/develeap/hyperping-go/outages.go:109.23,111.3 1 1
github.com/develeap/hyperping-go/outages.go:113.2,113.24 1 5
github.com/develeap/hyperping-go/outages.go:121.94,122.39 1 2
github.com/develeap/hyperping-go/outages.go:122.39,124.3 1 0
github.com/develeap/hyperping-go/outages.go:127.2,131.93 2 2
github.com/develeap/hyperping-go/outages.go:131.93,133.3 1 1
github.com/develeap/hyperping-go/outages.go:135.2,135.32 1 1
github.com/develeap/hyperping-go/outages.go:140.93,141.49 1 2
github.com/develeap/hyperping-go/outages.go:141.49,143.3 1 0
github.com/develeap/hyperping-go/outages.go:144.2,147.80 3 2
github.com/develeap/hyperping-go/outages.go:147.80,149.3 1 1
github.com/develeap/hyperping-go/outages.go:151.2,151.23 1 1
github.com/develeap/hyperping-go/outages.go:156.95,157.49 1 2
github.com/develeap/hyperping-go/outages.go:157.49,159.3 1 0
github.com/develeap/hyperping-go/outages.go:160.2,163.80 3 2
github.com/develeap/hyperping-go/outages.go:163.80,165.3 1 1
github.com/develeap/hyperping-go/outages.go:167.2,167.23 1 1
github.com/develeap/hyperping-go/outages.go:172.89,173.49 1 2
github.com/develeap/hyperping-go/outages.go:173.49,175.3 1 0
github.com/develeap/hyperping-go/outages.go:176.2,179.80 3 2
github.com/develeap/hyperping-go/outages.go:179.80,181.3 1 1
github.com/develeap/hyperping-go/outages.go:183.2,183.23 1 1
github.com/develeap/hyperping-go/outages.go:188.90,189.49 1 2
github.com/develeap/hyperping-go/outages.go:189.49,191.3 1 0
github.com/develeap/hyperping-go/outages.go:192.2,195.80 3 2
github.com/develeap/hyperping-go/outages.go:195.80,197.3 1 1
github.com/develeap/hyperping-go/outages.go:199.2,199.23 1 1
github.com/develeap/hyperping-go/outages.go:204.71,205.49 1 2
github.com/develeap/hyperping-go/outages.go:205.49,207.3 1 0
github.com/develeap/hyperping-go/outages.go:208.2,210.76 2 2
github.com/develeap/hyperping-go/outages.go:210.76,212.3 1 1
github.com/develeap/hyperping-go/outages.go:214.2,214.12 1 1
github.com/develeap/hyperping-go/reports.go:15.110,16.49 1 6
github.com/develeap/hyperping-go/reports.go:16.49,18.3 1 0
github.com/develeap/hyperping-go/reports.go:19.2,22.28 2 6
github.com/develeap/hyperping-go/reports.go:22.28,24.17 2 1
github.com/develeap/hyperping-go/reports.go:24.17,26.4 1 1
github.com/develeap/hyperping-go/reports.go:27.3,27.15 1 1
github.com/develeap/hyperping-go/reports.go:27.15,29.4 1 1
github.com/develeap/hyperping-go/reports.go:30.3,30.38 1 1
github.com/develeap/hyperping-go/reports.go:33.2,34.77 2 6
github.com/develeap/hyperping-go/reports.go:34.77,36.3 1 4
github.com/develeap/hyperping-go/reports.go:37.2,37.21 1 2
github.com/develeap/hyperping-go/reports.go:43.100,47.28 2 10
github.com/develeap/hyperping-go/reports.go:47.28,49.17 2 1
github.com/develeap/hyperping-go/reports.go:49.17,51.4 1 1
github.com/develeap/hyperping-go/reports.go:52.3,52.15 1 1
github.com/develeap/hyperping-go/reports.go:52.15,54.4 1 1
github.com/develeap/hyperping-go/reports.go:55.3,55.38 1 1
github.com/develeap/hyperping-go/reports.go:58.2,59.79 2 10
github.com/develeap/hyperping-go/reports.go:59.79,61.3 1 4
github.com/develeap/hyperping-go/reports.go:62.2,62.31 1 6
github.com/develeap/hyperping-go/statuspages.go:18.120,23.17 3 4
github.com/develeap/hyperping-go/statuspages.go:23.17,25.3 1 1
github.com/develeap/hyperping-go/statuspages.go:26.2,26.36 1 4
github.com/develeap/hyperping-go/statuspages.go:26.36,28.3 1 1
github.com/develeap/hyperping-go/statuspages.go:30.2,30.21 1 4
github.com/develeap/hyperping-go/statuspages.go:30.21,32.3 1 2
github.com/develeap/hyperping-go/statuspages.go:34.2,35.79 2 4
github.com/develeap/hyperping-go/statuspages.go:35.79,37.3 1 1
github.com/develeap/hyperping-go/statuspages.go:39.2,39.23 1 3
github.com/develeap/hyperping-go/statuspages.go:43.87,44.49 1 4
github.com/develeap/hyperping-go/statuspages.go:44.49,46.3 1 1
github.com/develeap/hyperping-go/statuspages.go:49.2,53.79 3 3
github.com/develeap/hyperping-go/statuspages.go:53.79,55.3 1 2
github.com/develeap/hyperping-go/statuspages.go:57.2,57.34 1 1
github.com/develeap/hyperping-go/statuspages.go:61.106,62.39 1 3
github.com/develeap/hyperping-go/statuspages.go:62.39,64.3 1 1
github.com/develeap/hyperping-go/statuspages.go:67.2,72.95 2 2
github.com/develeap/hyperping-go/statuspages.go:72.95,74.3 1 0
github.com/develeap/hyperping-go/statuspages.go:76.2,76.34 1 2
github.com/develeap/hyperping-go/statuspages.go:81.119,82.49 1 2
github.com/develeap/hyperping-go/statuspages.go:82.49,84.3 1 0
github.com/develeap/hyperping-go/statuspages.go:87.2,93.79 3 2
github.com/develeap/hyperping-go/statuspages.go:93.79,95.3 1 0
github.com/develeap/hyperping-go/statuspages.go:97.2,97.34 1 2
github.com/develeap/hyperping-go/statuspages.go:102.75,103.49 1 2
github.com/develeap/hyperping-go/statuspages.go:103.49,105.3 1 1
github.com/develeap/hyperping-go/statuspages.go:107.2,108.76 2 1
github.com/develeap/hyperping-go/statuspages.go:108.76,110.3 1 0
github.com/develeap/hyperping-go/statuspages.go:112.2,112.12 1 1
github.com/develeap/hyperping-go/statuspages.go:120.141,121.49 1 3
github.com/develeap/hyperping-go/statuspages.go:121.49,123.3 1 0
github.com/develeap/hyperping-go/statuspages.go:125.2,129.17 3 3
github.com/develeap/hyperping-go/statuspages.go:129.17,131.3 1 0
github.com/develeap/hyperping-go/statuspages.go:132.2,132.80 1 3
github.com/develeap/hyperping-go/statuspages.go:132.80,134.3 1 1
github.com/develeap/hyperping-go/statuspages.go:136.2,136.21 1 3
github.com/develeap/hyperping-go/statuspages.go:136.21,138.3 1 1
github.com/develeap/hyperping-go/statuspages.go:140.2,141.79 2 3
github.com/develeap/hyperping-go/statuspages.go:141.79,143.3 1 0
github.com/develeap/hyperping-go/statuspages.go:145.2,145.23 1 3
github.com/develeap/hyperping-go/statuspages.go:151.123,152.49 1 11
github.com/develeap/hyperping-go/statuspages.go:152.49,154.3 1 2
github.com/develeap/hyperping-go/statuspages.go:156.2,156.39 1 9
github.com/develeap/hyperping-go/statuspages.go:156.39,158.3 1 6
github.com/develeap/hyperping-go/statuspages.go:161.2,161.25 1 3
github.com/develeap/hyperping-go/statuspages.go:161.25,163.3 1 0
github.com/develeap/hyperping-go/statuspages.go:166.2,172.80 3 3
github.com/develeap/hyperping-go/statuspages.go:172.80,174.3 1 0
github.com/develeap/hyperping-go/statuspages.go:176.2,176.34 1 3
github.com/develeap/hyperping-go/statuspages.go:182.123,183.57 1 0
github.com/develeap/hyperping-go/statuspages.go:183.57,185.3 1 0
github.com/develeap/hyperping-go/statuspages.go:186.2,186.23 1 0
github.com/develeap/hyperping-go/statuspages.go:186.23,188.3 1 0
github.com/develeap/hyperping-go/statuspages.go:190.2,190.61 1 0
github.com/develeap/hyperping-go/statuspages.go:190.61,192.17 2 0
github.com/develeap/hyperping-go/statuspages.go:192.17,194.4 1 0
github.com/develeap/hyperping-go/statuspages.go:196.3,196.35 1 0
github.com/develeap/hyperping-go/statuspages.go:196.35,197.46 1 0
github.com/develeap/hyperping-go/statuspages.go:197.46,199.5 1 0
github.com/develeap/hyperping-go/statuspages.go:202.3,202.24 1 0
github.com/develeap/hyperping-go/statuspages.go:202.24,203.9 1 0
github.com/develeap/hyperping-go/statuspages.go:207.2,207.114 1 0
github.com/develeap/hyperping-go/statuspages.go:214.93,215.49 1 3
github.com/develeap/hyperping-go/statuspages.go:215.49,217.3 1 0
github.com/develeap/hyperping-go/statuspages.go:219.2,219.23 1 3
github.com/develeap/hyperping-go/statuspages.go:219.23,221.3 1 2
github.com/develeap/hyperping-go/statuspages.go:223.2,224.76 2 1
github.com/develeap/hyperping-go/statuspages.go:224.76,226.3 1 0
github.com/develeap/hyperping-go/statuspages.go:228.2,228.12 1 1
github.com/develeap/hyperping-go/transport.go:15.37,27.2 1 28
github.com/develeap/hyperping-go/transport.go:40.78,45.2 3 262
github.com/develeap/hyperping-go/transport.go:56.85,57.31 1 11
github.com/develeap/hyperping-go/transport.go:57.31,59.3 1 5
github.com/develeap/hyperping-go/transport.go:60.2,60.30 1 6
github.com/develeap/hyperping-go/transport.go:70.108,76.2 2 240
github.com/develeap/hyperping-go/transport.go:80.80,83.16 3 246
github.com/develeap/hyperping-go/transport.go:83.16,86.3 2 246
github.com/develeap/hyperping-go/transport.go:88.2,88.17 1 246
github.com/develeap/hyperping-go/transport.go:88.17,90.3 1 215
github.com/develeap/hyperping-go/transport.go:92.2,92.47 1 31
github.com/develeap/hyperping-go/transport.go:92.47,95.3 1 2
github.com/develeap/hyperping-go/transport.go:98.2,99.9 2 29
github.com/develeap/hyperping-go/transport.go:99.9,102.3 1 2
github.com/develeap/hyperping-go/transport.go:105.2,106.22 2 27
